app/build/intermediates/manifest_merge_blame_file/debug/manifest-merger-blame-debug-report.txt
1<?xml version="1.0" encoding="utf-8"?>
2<manifest xmlns:android="http://schemas.android.com/apk/res/android"
3    xmlns:dist="http://schemas.android.com/apk/distribution"
4    package="com.qubit.kpt.mobile.myapplication"
5    android:versionCode="1"
6    android:versionName="1.0" >
7
8    <uses-sdk
9        android:minSdkVersion="15"
9-->src/main/AndroidManifest.xml
10        android:targetSdkVersion="29" />
10-->src/main/AndroidManifest.xml
11    <!--
12         The ACCESS_COARSE/FINE_LOCATION permissions are not required to use
13         Google Maps Android API v2, but you must specify either coarse or fine
14         location permissions for the 'MyLocation' functionality.
15    -->
16    <uses-permission android:name="android.permission.ACCESS_FINE_LOCATION" />
16-->src/main/AndroidManifest.xml:10:5-79
16-->src/main/AndroidManifest.xml:10:22-76
17
18    <dist:module dist:instant="true" />
18-->src/main/AndroidManifest.xml:12:5-40
18-->src/main/AndroidManifest.xml:12:18-37
19
20    <!-- Include required permissions for Google Maps API to run. -->
21    <uses-permission android:name="android.permission.ACCESS_NETWORK_STATE" />
21-->[com.google.android.gms:play-services-maps:16.1.0] AndroidManifest.xml:23:5-79
21-->[com.google.android.gms:play-services-maps:16.1.0] AndroidManifest.xml:23:22-76
22    <uses-permission android:name="android.permission.INTERNET" />
22-->[com.google.android.gms:play-services-maps:16.1.0] AndroidManifest.xml:24:5-67
22-->[com.google.android.gms:play-services-maps:16.1.0] AndroidManifest.xml:24:22-64
23
24    <uses-feature
24-->[com.google.android.gms:play-services-maps:16.1.0] AndroidManifest.xml:26:5-28:35
25        android:glEsVersion="0x00020000"
25-->[com.google.android.gms:play-services-maps:16.1.0] AndroidManifest.xml:27:9-41
26        android:required="true" />
26-->[com.google.android.gms:play-services-maps:16.1.0] AndroidManifest.xml:28:9-32
27
28    <application
28-->src/main/AndroidManifest.xml:14:5-55:19
29        android:allowBackup="true"
29-->src/main/AndroidManifest.xml:15:9-35
30        android:appComponentFactory="androidx.core.app.CoreComponentFactory"
30-->[androidx.core:core:1.1.0-rc02] AndroidManifest.xml:24:18-86
31        android:debuggable="true"
32        android:icon="@mipmap/ic_launcher"
32-->src/main/AndroidManifest.xml:16:9-43
33        android:label="@string/app_name"
33-->src/main/AndroidManifest.xml:17:9-41
34        android:roundIcon="@mipmap/ic_launcher_round"
34-->src/main/AndroidManifest.xml:18:9-54
35        android:supportsRtl="true"
35-->src/main/AndroidManifest.xml:19:9-35
36        android:testOnly="true"
37        android:theme="@style/AppTheme" >
37-->src/main/AndroidManifest.xml:20:9-40
38        <activity android:name="com.qubit.kpt.mobile.smogaton.SummaryEndActivity" />
38-->src/main/AndroidManifest.xml:21:9-94
38-->src/main/AndroidManifest.xml:21:19-82
39        <activity android:name="com.qubit.kpt.mobile.smogaton.SummaryActivity" />
39-->src/main/AndroidManifest.xml:22:9-82
39-->src/main/AndroidManifest.xml:22:19-79
40        <!--
41             The API key for Google Maps-based APIs is defined as a string resource.
42             (See the file "res/values/google_maps_api.xml").
43             Note that the API key is linked to the encryption key used to sign the APK.
44             You need a different API key for each encryption key, including the release key that is used to
45             sign the APK for publishing.
46             You can define the keys for the debug and release targets in src/debug/ and src/release/.
47        -->
48        <meta-data
48-->src/main/AndroidManifest.xml:31:9-33:55
49            android:name="com.google.android.geo.API_KEY"
49-->src/main/AndroidManifest.xml:32:13-58
50            android:value="@string/google_maps_key" />
50-->src/main/AndroidManifest.xml:33:13-52
51
52        <activity
52-->src/main/AndroidManifest.xml:35:9-37:71
53            android:name="com.qubit.kpt.mobile.smogaton.MapsWithCameraActivity"
53-->src/main/AndroidManifest.xml:36:13-80
54            android:label="@string/title_activity_maps_with_camera" />
54-->src/main/AndroidManifest.xml:37:13-68
55        <activity android:name="com.qubit.kpt.mobile.smogaton.Detail5Activity" />
55-->src/main/AndroidManifest.xml:38:9-82
55-->src/main/AndroidManifest.xml:38:19-79
56        <activity android:name="com.qubit.kpt.mobile.smogaton.Detail4Activity" >
56-->src/main/AndroidManifest.xml:39:9-40:20
56-->src/main/AndroidManifest.xml:39:19-79
57        </activity>
58        <activity android:name="com.qubit.kpt.mobile.smogaton.Detail3Activity" />
58-->src/main/AndroidManifest.xml:41:9-82
58-->src/main/AndroidManifest.xml:41:19-79
59        <activity android:name="com.qubit.kpt.mobile.smogaton.Detail2Activity" />
59-->src/main/AndroidManifest.xml:42:9-82
59-->src/main/AndroidManifest.xml:42:19-79
60        <activity android:name="com.qubit.kpt.mobile.smogaton.Detail1Activity" />
60-->src/main/AndroidManifest.xml:43:9-82
60-->src/main/AndroidManifest.xml:43:19-79
61        <activity android:name="com.qubit.kpt.mobile.smogaton.ListActivity" />
61-->src/main/AndroidManifest.xml:44:9-79
61-->src/main/AndroidManifest.xml:44:19-76
62        <activity android:name="com.qubit.kpt.mobile.smogaton.PreActivity" />
62-->src/main/AndroidManifest.xml:45:9-78
62-->src/main/AndroidManifest.xml:45:19-75
63        <activity
63-->src/main/AndroidManifest.xml:46:9-48:59
64            android:name="com.qubit.kpt.mobile.smogaton.MapsActivity"
64-->src/main/AndroidManifest.xml:47:13-70
65            android:label="@string/title_activity_maps" />
65-->src/main/AndroidManifest.xml:48:13-56
66        <activity android:name="com.qubit.kpt.mobile.HomeActivity" >
66-->src/main/AndroidManifest.xml:49:9-54:20
66-->src/main/AndroidManifest.xml:49:19-67
67            <intent-filter>
67-->src/main/AndroidManifest.xml:50:13-53:29
68                <action android:name="android.intent.action.MAIN" />
68-->src/main/AndroidManifest.xml:51:17-69
68-->src/main/AndroidManifest.xml:51:25-66
69
70                <category android:name="android.intent.category.LAUNCHER" />
70-->src/main/AndroidManifest.xml:52:17-77
70-->src/main/AndroidManifest.xml:52:27-74
71            </intent-filter>
72        </activity>
73        <!-- Needs to be explicitly declared on P+ -->
74        <uses-library
74-->[com.google.android.gms:play-services-maps:16.1.0] AndroidManifest.xml:33:9-35:40
75            android:name="org.apache.http.legacy"
75-->[com.google.android.gms:play-services-maps:16.1.0] AndroidManifest.xml:34:13-50
76            android:required="false" />
76-->[com.google.android.gms:play-services-maps:16.1.0] AndroidManifest.xml:35:13-37
77
78        <activity
78-->[com.google.android.gms:play-services-base:16.0.1] AndroidManifest.xml:23:9-26:75
79            android:name="com.google.android.gms.common.api.GoogleApiActivity"
79-->[com.google.android.gms:play-services-base:16.0.1] AndroidManifest.xml:24:13-79
80            android:exported="false"
80-->[com.google.android.gms:play-services-base:16.0.1] AndroidManifest.xml:25:13-37
81            android:theme="@android:style/Theme.Translucent.NoTitleBar" />
81-->[com.google.android.gms:play-services-base:16.0.1] AndroidManifest.xml:26:13-72
82
83        <meta-data
83-->[com.google.android.gms:play-services-basement:16.0.1] AndroidManifest.xml:23:9-25:69
84            android:name="com.google.android.gms.version"
84-->[com.google.android.gms:play-services-basement:16.0.1] AndroidManifest.xml:24:13-58
85            android:value="@integer/google_play_services_version" />
85-->[com.google.android.gms:play-services-basement:16.0.1] AndroidManifest.xml:25:13-66
86    </application>
87
88</manifest>